푸/KaKaoLogin/app/build/intermediates/manifest_merge_blame_file/debug/manifest-merger-blame-debug-report.txt
1<?xml version="1.0" encoding="utf-8"?>
2<manifest xmlns:android="http://schemas.android.com/apk/res/android"
3    package="com.example.kakaologin"
4    android:versionCode="1"
5    android:versionName="1.0" >
6
7    <uses-sdk
8        android:minSdkVersion="21"
8-->src\main\AndroidManifest.xml
9        android:targetSdkVersion="32" />
9-->src\main\AndroidManifest.xml
10
11    <!-- 인터넷 사용 권한 설정 -->
12    <uses-permission android:name="android.permission.INTERNET" />
12-->src\main\AndroidManifest.xml:6:5-67
12-->src\main\AndroidManifest.xml:6:22-64
13
14    <queries>
14-->[com.kakao.sdk:v2-navi:2.12.0] AndroidManifest.xml:9:5-12:15
15        <package android:name="com.locnall.KimGiSa" />
15-->[com.kakao.sdk:v2-navi:2.12.0] AndroidManifest.xml:10:9-55
15-->[com.kakao.sdk:v2-navi:2.12.0] AndroidManifest.xml:10:18-52
16        <package android:name="com.lguplus.navi" />
16-->[com.kakao.sdk:v2-navi:2.12.0] AndroidManifest.xml:11:9-52
16-->[com.kakao.sdk:v2-navi:2.12.0] AndroidManifest.xml:11:18-49
17        <package android:name="com.kakao.talk" />
17-->[com.kakao.sdk:v2-common:2.12.0] AndroidManifest.xml:10:9-50
17-->[com.kakao.sdk:v2-common:2.12.0] AndroidManifest.xml:10:18-47
18        <package android:name="com.kakao.talk.alpha" />
18-->[com.kakao.sdk:v2-common:2.12.0] AndroidManifest.xml:11:9-56
18-->[com.kakao.sdk:v2-common:2.12.0] AndroidManifest.xml:11:18-53
19        <package android:name="com.kakao.talk.sandbox" />
19-->[com.kakao.sdk:v2-common:2.12.0] AndroidManifest.xml:12:9-58
19-->[com.kakao.sdk:v2-common:2.12.0] AndroidManifest.xml:12:18-55
20        <package android:name="com.kakao.onetalk" />
20-->[com.kakao.sdk:v2-common:2.12.0] AndroidManifest.xml:13:9-53
20-->[com.kakao.sdk:v2-common:2.12.0] AndroidManifest.xml:13:18-50
21
22        <intent>
22-->[com.kakao.sdk:v2-common:2.12.0] AndroidManifest.xml:15:9-21:18
23            <action android:name="android.intent.action.VIEW" />
23-->[com.kakao.sdk:v2-common:2.12.0] AndroidManifest.xml:16:13-65
23-->[com.kakao.sdk:v2-common:2.12.0] AndroidManifest.xml:16:21-62
24
25            <category android:name="android.intent.category.BROWSABLE" />
25-->[com.kakao.sdk:v2-common:2.12.0] AndroidManifest.xml:18:13-74
25-->[com.kakao.sdk:v2-common:2.12.0] AndroidManifest.xml:18:23-71
26
27            <data android:scheme="https" />
27-->[com.kakao.sdk:v2-common:2.12.0] AndroidManifest.xml:20:13-44
27-->[com.kakao.sdk:v2-common:2.12.0] AndroidManifest.xml:20:19-41
28        </intent>
29    </queries>
30
31    <application
31-->src\main\AndroidManifest.xml:8:5-37:19
32        android:name="com.example.kakaologin.GlobalApplication"
32-->src\main\AndroidManifest.xml:17:9-42
33        android:allowBackup="true"
33-->src\main\AndroidManifest.xml:9:9-35
34        android:appComponentFactory="androidx.core.app.CoreComponentFactory"
34-->[androidx.core:core:1.8.0] AndroidManifest.xml:24:18-86
35        android:dataExtractionRules="@xml/data_extraction_rules"
35-->src\main\AndroidManifest.xml:10:9-65
36        android:debuggable="true"
37        android:fullBackupContent="@xml/backup_rules"
37-->src\main\AndroidManifest.xml:11:9-54
38        android:icon="@mipmap/ic_launcher"
38-->src\main\AndroidManifest.xml:12:9-43
39        android:label="@string/app_name"
39-->src\main\AndroidManifest.xml:13:9-41
40        android:roundIcon="@mipmap/ic_launcher_round"
40-->src\main\AndroidManifest.xml:14:9-54
41        android:supportsRtl="true"
41-->src\main\AndroidManifest.xml:15:9-35
42        android:testOnly="true"
43        android:theme="@style/Theme.KaKaoLogin"
43-->src\main\AndroidManifest.xml:16:9-48
44        android:usesCleartextTraffic="true" >
44-->[com.kakao.sdk:v2-friend:2.12.0] AndroidManifest.xml:11:9-44
45        <activity
45-->src\main\AndroidManifest.xml:19:9-31:20
46            android:name="com.example.kakaologin.MainActivity"
46-->src\main\AndroidManifest.xml:20:13-41
47            android:exported="true" >
47-->src\main\AndroidManifest.xml:21:13-36
48            <intent-filter>
48-->src\main\AndroidManifest.xml:22:13-26:29
49                <action android:name="android.intent.action.MAIN" />
49-->src\main\AndroidManifest.xml:23:17-69
49-->src\main\AndroidManifest.xml:23:25-66
50
51                <category android:name="android.intent.category.LAUNCHER" />
51-->src\main\AndroidManifest.xml:25:17-77
51-->src\main\AndroidManifest.xml:25:27-74
52            </intent-filter>
53
54            <meta-data
54-->src\main\AndroidManifest.xml:28:13-30:36
55                android:name="android.app.lib_name"
55-->src\main\AndroidManifest.xml:29:17-52
56                android:value="" />
56-->src\main\AndroidManifest.xml:30:17-33
57        </activity>
58
59        <meta-data
59-->src\main\AndroidManifest.xml:33:9-35:64
60            android:name="com.kakao.sdk.AppKey"
60-->src\main\AndroidManifest.xml:34:13-48
61            android:value="28601699f46d559426e4fda64afcd31c" /> <!-- 네이티브 앱 키 설정 -->
61-->src\main\AndroidManifest.xml:35:13-61
62
63        <activity
63-->[com.kakao.sdk:v2-friend:2.12.0] AndroidManifest.xml:13:9-16:59
64            android:name="com.kakao.sdk.friend.view.FullPickerActivity"
64-->[com.kakao.sdk:v2-friend:2.12.0] AndroidManifest.xml:14:13-72
65            android:theme="@style/DayNightFull"
65-->[com.kakao.sdk:v2-friend:2.12.0] AndroidManifest.xml:15:13-48
66            android:windowSoftInputMode="adjustNothing" />
66-->[com.kakao.sdk:v2-friend:2.12.0] AndroidManifest.xml:16:13-56
67        <activity
67-->[com.kakao.sdk:v2-friend:2.12.0] AndroidManifest.xml:17:9-19:52
68            android:name="com.kakao.sdk.friend.view.PopupPickerActivity"
68-->[com.kakao.sdk:v2-friend:2.12.0] AndroidManifest.xml:18:13-73
69            android:theme="@style/DayNightPopup" />
69-->[com.kakao.sdk:v2-friend:2.12.0] AndroidManifest.xml:19:13-49
70        <activity
70-->[com.kakao.sdk:v2-auth:2.12.0] AndroidManifest.xml:10:9-15:56
71            android:name="com.kakao.sdk.auth.TalkAuthCodeActivity"
71-->[com.kakao.sdk:v2-auth:2.12.0] AndroidManifest.xml:11:13-67
72            android:configChanges="orientation|screenSize|keyboardHidden"
72-->[com.kakao.sdk:v2-auth:2.12.0] AndroidManifest.xml:12:13-74
73            android:exported="false"
73-->[com.kakao.sdk:v2-auth:2.12.0] AndroidManifest.xml:13:13-37
74            android:launchMode="singleTask"
74-->[com.kakao.sdk:v2-auth:2.12.0] AndroidManifest.xml:14:13-44
75            android:theme="@style/TransparentCompat" />
75-->[com.kakao.sdk:v2-auth:2.12.0] AndroidManifest.xml:15:13-53
76        <activity
76-->[com.kakao.sdk:v2-auth:2.12.0] AndroidManifest.xml:16:9-19:56
77            android:name="com.kakao.sdk.auth.AuthCodeHandlerActivity"
77-->[com.kakao.sdk:v2-auth:2.12.0] AndroidManifest.xml:17:13-70
78            android:launchMode="singleTask"
78-->[com.kakao.sdk:v2-auth:2.12.0] AndroidManifest.xml:18:13-44
79            android:theme="@style/TransparentCompat" />
79-->[com.kakao.sdk:v2-auth:2.12.0] AndroidManifest.xml:19:13-53
80        <activity
80-->[com.kakao.sdk:auth:1.27.0] AndroidManifest.xml:12:9-19:20
81            android:name="com.kakao.auth.authorization.authcode.KakaoWebViewActivity"
81-->[com.kakao.sdk:auth:1.27.0] AndroidManifest.xml:13:13-86
82            android:configChanges="orientation|screenSize"
82-->[com.kakao.sdk:auth:1.27.0] AndroidManifest.xml:14:13-59
83            android:exported="false"
83-->[com.kakao.sdk:auth:1.27.0] AndroidManifest.xml:15:13-37
84            android:label="@string/com_kakao_login_button"
84-->[com.kakao.sdk:auth:1.27.0] AndroidManifest.xml:16:13-59
85            android:launchMode="singleTop"
85-->[com.kakao.sdk:auth:1.27.0] AndroidManifest.xml:17:13-43
86            android:windowSoftInputMode="adjustResize" >
86-->[com.kakao.sdk:auth:1.27.0] AndroidManifest.xml:18:13-55
87        </activity>
88
89        <provider
89-->[androidx.emoji2:emoji2:1.2.0] AndroidManifest.xml:24:9-32:20
90            android:name="androidx.startup.InitializationProvider"
90-->[androidx.emoji2:emoji2:1.2.0] AndroidManifest.xml:25:13-67
91            android:authorities="com.example.kakaologin.androidx-startup"
91-->[androidx.emoji2:emoji2:1.2.0] AndroidManifest.xml:26:13-68
92            android:exported="false" >
92-->[androidx.emoji2:emoji2:1.2.0] AndroidManifest.xml:27:13-37
93            <meta-data
93-->[androidx.emoji2:emoji2:1.2.0] AndroidManifest.xml:29:13-31:52
94                android:name="androidx.emoji2.text.EmojiCompatInitializer"
94-->[androidx.emoji2:emoji2:1.2.0] AndroidManifest.xml:30:17-75
95                android:value="androidx.startup" />
95-->[androidx.emoji2:emoji2:1.2.0] AndroidManifest.xml:31:17-49
96            <meta-data
96-->[androidx.lifecycle:lifecycle-process:2.4.1] AndroidManifest.xml:31:13-33:52
97                android:name="androidx.lifecycle.ProcessLifecycleInitializer"
97-->[androidx.lifecycle:lifecycle-process:2.4.1] AndroidManifest.xml:32:17-78
98                android:value="androidx.startup" />
98-->[androidx.lifecycle:lifecycle-process:2.4.1] AndroidManifest.xml:33:17-49
99        </provider>
100    </application>
101
102</manifest>